
class QuantAConvAvgChunk(torch.nn.Module):
    def __init__(self):
        super().__init__()
        self._chunk_quantizer = quant_nn.TensorQuantizer(QuantDescriptor(num_bits=8, calib_method="histogram"))
        self._chunk_quantizer._calibrator._torch_hist = True
        self.avg_pool2d = torch.nn.AvgPool2d(2, 1, 0, False, True)

    def forward(self, x):
        x = self.avg_pool2d(x)
        x = self._chunk_quantizer(x)
        return x
        
DetectionModel
Sequential
Conv
QuantConv2d
TensorQuantizer
TensorQuantizer
SiLU
Conv
QuantConv2d
TensorQuantizer
TensorQuantizer
ELAN1
Conv
QuantConv2d
TensorQuantizer
TensorQuantizer
Conv
QuantConv2d
TensorQuantizer
TensorQuantizer
Conv
QuantConv2d
TensorQuantizer
TensorQuantizer
Conv
QuantConv2d
TensorQuantizer
TensorQuantizer
AConv
Conv
QuantConv2d
TensorQuantizer
TensorQuantizer
RepNCSPELAN4
Conv
QuantConv2d
TensorQuantizer
TensorQuantizer
Sequential
RepNCSP
Conv
QuantConv2d
TensorQuantizer
TensorQuantizer
Conv
QuantConv2d
TensorQuantizer
TensorQuantizer
Conv
QuantConv2d
TensorQuantizer
TensorQuantizer
Sequential
RepNBottleneck
RepConvN
SiLU
QuantConv2d
TensorQuantizer
TensorQuantizer
Conv
QuantConv2d
TensorQuantizer
TensorQuantizer
RepNBottleneck
RepConvN
QuantConv2d
TensorQuantizer
TensorQuantizer
Conv
QuantConv2d
TensorQuantizer
TensorQuantizer
RepNBottleneck
RepConvN
QuantConv2d
TensorQuantizer
TensorQuantizer
Conv
QuantConv2d
TensorQuantizer
TensorQuantizer
Conv
QuantConv2d
TensorQuantizer
TensorQuantizer
Sequential
RepNCSP
Conv
QuantConv2d
TensorQuantizer
TensorQuantizer
Conv
QuantConv2d
TensorQuantizer
TensorQuantizer
Conv
QuantConv2d
TensorQuantizer
TensorQuantizer
Sequential
RepNBottleneck
RepConvN
QuantConv2d
TensorQuantizer
TensorQuantizer
Conv
QuantConv2d
TensorQuantizer
TensorQuantizer
RepNBottleneck
RepConvN
QuantConv2d
TensorQuantizer
TensorQuantizer
Conv
QuantConv2d
TensorQuantizer
TensorQuantizer
RepNBottleneck
RepConvN
QuantConv2d
TensorQuantizer
TensorQuantizer
Conv
QuantConv2d
TensorQuantizer
TensorQuantizer
Conv
QuantConv2d
TensorQuantizer
TensorQuantizer
Conv
QuantConv2d
TensorQuantizer
TensorQuantizer
AConv
Conv
QuantConv2d
TensorQuantizer
TensorQuantizer
RepNCSPELAN4
Conv
QuantConv2d
TensorQuantizer
TensorQuantizer
Sequential
RepNCSP
Conv
QuantConv2d
TensorQuantizer
TensorQuantizer
Conv
QuantConv2d
TensorQuantizer
TensorQuantizer
Conv
QuantConv2d
TensorQuantizer
TensorQuantizer
Sequential
RepNBottleneck
RepConvN
QuantConv2d
TensorQuantizer
TensorQuantizer
Conv
QuantConv2d
TensorQuantizer
TensorQuantizer
RepNBottleneck
RepConvN
QuantConv2d
TensorQuantizer
TensorQuantizer
Conv
QuantConv2d
TensorQuantizer
TensorQuantizer
RepNBottleneck
RepConvN
QuantConv2d
TensorQuantizer
TensorQuantizer
Conv
QuantConv2d
TensorQuantizer
TensorQuantizer
Conv
QuantConv2d
TensorQuantizer
TensorQuantizer
Sequential
RepNCSP
Conv
QuantConv2d
TensorQuantizer
TensorQuantizer
Conv
QuantConv2d
TensorQuantizer
TensorQuantizer
Conv
QuantConv2d
TensorQuantizer
TensorQuantizer
Sequential
RepNBottleneck
RepConvN
QuantConv2d
TensorQuantizer
TensorQuantizer
Conv
QuantConv2d
TensorQuantizer
TensorQuantizer
RepNBottleneck
RepConvN
QuantConv2d
TensorQuantizer
TensorQuantizer
Conv
QuantConv2d
TensorQuantizer
TensorQuantizer
RepNBottleneck
RepConvN
QuantConv2d
TensorQuantizer
TensorQuantizer
Conv
QuantConv2d
TensorQuantizer
TensorQuantizer
Conv
QuantConv2d
TensorQuantizer
TensorQuantizer
Conv
QuantConv2d
TensorQuantizer
TensorQuantizer
AConv
Conv
QuantConv2d
TensorQuantizer
TensorQuantizer
RepNCSPELAN4
Conv
QuantConv2d
TensorQuantizer
TensorQuantizer
Sequential
RepNCSP
Conv
QuantConv2d
TensorQuantizer
TensorQuantizer
Conv
QuantConv2d
TensorQuantizer
TensorQuantizer
Conv
QuantConv2d
TensorQuantizer
TensorQuantizer
Sequential
RepNBottleneck
RepConvN
QuantConv2d
TensorQuantizer
TensorQuantizer
Conv
QuantConv2d
TensorQuantizer
TensorQuantizer
RepNBottleneck
RepConvN
QuantConv2d
TensorQuantizer
TensorQuantizer
Conv
QuantConv2d
TensorQuantizer
TensorQuantizer
RepNBottleneck
RepConvN
QuantConv2d
TensorQuantizer
TensorQuantizer
Conv
QuantConv2d
TensorQuantizer
TensorQuantizer
Conv
QuantConv2d
TensorQuantizer
TensorQuantizer
Sequential
RepNCSP
Conv
QuantConv2d
TensorQuantizer
TensorQuantizer
Conv
QuantConv2d
TensorQuantizer
TensorQuantizer
Conv
QuantConv2d
TensorQuantizer
TensorQuantizer
Sequential
RepNBottleneck
RepConvN
QuantConv2d
TensorQuantizer
TensorQuantizer
Conv
QuantConv2d
TensorQuantizer
TensorQuantizer
RepNBottleneck
RepConvN
QuantConv2d
TensorQuantizer
TensorQuantizer
Conv
QuantConv2d
TensorQuantizer
TensorQuantizer
RepNBottleneck
RepConvN
QuantConv2d
TensorQuantizer
TensorQuantizer
Conv
QuantConv2d
TensorQuantizer
TensorQuantizer
Conv
QuantConv2d
TensorQuantizer
TensorQuantizer
Conv
QuantConv2d
TensorQuantizer
TensorQuantizer
SPPELAN
Conv
QuantConv2d
TensorQuantizer
TensorQuantizer
SP
MaxPool2d
SP
MaxPool2d
SP
MaxPool2d
Conv
QuantConv2d
TensorQuantizer
TensorQuantizer
Upsample
Concat
RepNCSPELAN4
Conv
QuantConv2d
TensorQuantizer
TensorQuantizer
Sequential
RepNCSP
Conv
QuantConv2d
TensorQuantizer
TensorQuantizer
Conv
QuantConv2d
TensorQuantizer
TensorQuantizer
Conv
QuantConv2d
TensorQuantizer
TensorQuantizer
Sequential
RepNBottleneck
RepConvN
QuantConv2d
TensorQuantizer
TensorQuantizer
Conv
QuantConv2d
TensorQuantizer
TensorQuantizer
RepNBottleneck
RepConvN
QuantConv2d
TensorQuantizer
TensorQuantizer
Conv
QuantConv2d
TensorQuantizer
TensorQuantizer
RepNBottleneck
RepConvN
QuantConv2d
TensorQuantizer
TensorQuantizer
Conv
QuantConv2d
TensorQuantizer
TensorQuantizer
Conv
QuantConv2d
TensorQuantizer
TensorQuantizer
Sequential
RepNCSP
Conv
QuantConv2d
TensorQuantizer
TensorQuantizer
Conv
QuantConv2d
TensorQuantizer
TensorQuantizer
Conv
QuantConv2d
TensorQuantizer
TensorQuantizer
Sequential
RepNBottleneck
RepConvN
QuantConv2d
TensorQuantizer
TensorQuantizer
Conv
QuantConv2d
TensorQuantizer
TensorQuantizer
RepNBottleneck
RepConvN
QuantConv2d
TensorQuantizer
TensorQuantizer
Conv
QuantConv2d
TensorQuantizer
TensorQuantizer
RepNBottleneck
RepConvN
QuantConv2d
TensorQuantizer
TensorQuantizer
Conv
QuantConv2d
TensorQuantizer
TensorQuantizer
Conv
QuantConv2d
TensorQuantizer
TensorQuantizer
Conv
QuantConv2d
TensorQuantizer
TensorQuantizer
Upsample
Concat
RepNCSPELAN4
Conv
QuantConv2d
TensorQuantizer
TensorQuantizer
Sequential
RepNCSP
Conv
QuantConv2d
TensorQuantizer
TensorQuantizer
Conv
QuantConv2d
TensorQuantizer
TensorQuantizer
Conv
QuantConv2d
TensorQuantizer
TensorQuantizer
Sequential
RepNBottleneck
RepConvN
QuantConv2d
TensorQuantizer
TensorQuantizer
Conv
QuantConv2d
TensorQuantizer
TensorQuantizer
RepNBottleneck
RepConvN
QuantConv2d
TensorQuantizer
TensorQuantizer
Conv
QuantConv2d
TensorQuantizer
TensorQuantizer
RepNBottleneck
RepConvN
QuantConv2d
TensorQuantizer
TensorQuantizer
Conv
QuantConv2d
TensorQuantizer
TensorQuantizer
Conv
QuantConv2d
TensorQuantizer
TensorQuantizer
Sequential
RepNCSP
Conv
QuantConv2d
TensorQuantizer
TensorQuantizer
Conv
QuantConv2d
TensorQuantizer
TensorQuantizer
Conv
QuantConv2d
TensorQuantizer
TensorQuantizer
Sequential
RepNBottleneck
RepConvN
QuantConv2d
TensorQuantizer
TensorQuantizer
Conv
QuantConv2d
TensorQuantizer
TensorQuantizer
RepNBottleneck
RepConvN
QuantConv2d
TensorQuantizer
TensorQuantizer
Conv
QuantConv2d
TensorQuantizer
TensorQuantizer
RepNBottleneck
RepConvN
QuantConv2d
TensorQuantizer
TensorQuantizer
Conv
QuantConv2d
TensorQuantizer
TensorQuantizer
Conv
QuantConv2d
TensorQuantizer
TensorQuantizer
Conv
QuantConv2d
TensorQuantizer
TensorQuantizer
AConv
Conv
QuantConv2d
TensorQuantizer
TensorQuantizer
Concat
RepNCSPELAN4
Conv
QuantConv2d
TensorQuantizer
TensorQuantizer
Sequential
RepNCSP
Conv
QuantConv2d
TensorQuantizer
TensorQuantizer
Conv
QuantConv2d
TensorQuantizer
TensorQuantizer
Conv
QuantConv2d
TensorQuantizer
TensorQuantizer
Sequential
RepNBottleneck
RepConvN
QuantConv2d
TensorQuantizer
TensorQuantizer
Conv
QuantConv2d
TensorQuantizer
TensorQuantizer
RepNBottleneck
RepConvN
QuantConv2d
TensorQuantizer
TensorQuantizer
Conv
QuantConv2d
TensorQuantizer
TensorQuantizer
RepNBottleneck
RepConvN
QuantConv2d
TensorQuantizer
TensorQuantizer
Conv
QuantConv2d
TensorQuantizer
TensorQuantizer
Conv
QuantConv2d
TensorQuantizer
TensorQuantizer
Sequential
RepNCSP
Conv
QuantConv2d
TensorQuantizer
TensorQuantizer
Conv
QuantConv2d
TensorQuantizer
TensorQuantizer
Conv
QuantConv2d
TensorQuantizer
TensorQuantizer
Sequential
RepNBottleneck
RepConvN
QuantConv2d
TensorQuantizer
TensorQuantizer
Conv
QuantConv2d
TensorQuantizer
TensorQuantizer
RepNBottleneck
RepConvN
QuantConv2d
TensorQuantizer
TensorQuantizer
Conv
QuantConv2d
TensorQuantizer
TensorQuantizer
RepNBottleneck
RepConvN
QuantConv2d
TensorQuantizer
TensorQuantizer
Conv
QuantConv2d
TensorQuantizer
TensorQuantizer
Conv
QuantConv2d
TensorQuantizer
TensorQuantizer
Conv
QuantConv2d
TensorQuantizer
TensorQuantizer
AConv
Conv
QuantConv2d
TensorQuantizer
TensorQuantizer
Concat
RepNCSPELAN4
Conv
QuantConv2d
TensorQuantizer
TensorQuantizer
Sequential
RepNCSP
Conv
QuantConv2d
TensorQuantizer
TensorQuantizer
Conv
QuantConv2d
TensorQuantizer
TensorQuantizer
Conv
QuantConv2d
TensorQuantizer
TensorQuantizer
Sequential
RepNBottleneck
RepConvN
QuantConv2d
TensorQuantizer
TensorQuantizer
Conv
QuantConv2d
TensorQuantizer
TensorQuantizer
RepNBottleneck
RepConvN
QuantConv2d
TensorQuantizer
TensorQuantizer
Conv
QuantConv2d
TensorQuantizer
TensorQuantizer
RepNBottleneck
RepConvN
QuantConv2d
TensorQuantizer
TensorQuantizer
Conv
QuantConv2d
TensorQuantizer
TensorQuantizer
Conv
QuantConv2d
TensorQuantizer
TensorQuantizer
Sequential
RepNCSP
Conv
QuantConv2d
TensorQuantizer
TensorQuantizer
Conv
QuantConv2d
TensorQuantizer
TensorQuantizer
Conv
QuantConv2d
TensorQuantizer
TensorQuantizer
Sequential
RepNBottleneck
RepConvN
QuantConv2d
TensorQuantizer
TensorQuantizer
Conv
QuantConv2d
TensorQuantizer
TensorQuantizer
RepNBottleneck
RepConvN
QuantConv2d
TensorQuantizer
TensorQuantizer
Conv
QuantConv2d
TensorQuantizer
TensorQuantizer
RepNBottleneck
RepConvN
QuantConv2d
TensorQuantizer
TensorQuantizer
Conv
QuantConv2d
TensorQuantizer
TensorQuantizer
Conv
QuantConv2d
TensorQuantizer
TensorQuantizer
Conv
QuantConv2d
TensorQuantizer
TensorQuantizer
DDetect
ModuleList
Sequential
Conv
QuantConv2d
TensorQuantizer
TensorQuantizer
Conv
QuantConv2d
TensorQuantizer
TensorQuantizer
Conv2d
Sequential
Conv
QuantConv2d
TensorQuantizer
TensorQuantizer
Conv
QuantConv2d
TensorQuantizer
TensorQuantizer
Conv2d
Sequential
Conv
QuantConv2d
TensorQuantizer
TensorQuantizer
Conv
QuantConv2d
TensorQuantizer
TensorQuantizer
Conv2d
ModuleList
Sequential
Conv
QuantConv2d
TensorQuantizer
TensorQuantizer
Conv
QuantConv2d
TensorQuantizer
TensorQuantizer
Conv2d
Sequential
Conv
QuantConv2d
TensorQuantizer
TensorQuantizer
Conv
QuantConv2d
TensorQuantizer
TensorQuantizer
Conv2d
Sequential
Conv
QuantConv2d
TensorQuantizer
TensorQuantizer
Conv
QuantConv2d
TensorQuantizer
TensorQuantizer
Conv2d
DFL
Conv2d
